<?xml version="1.0" encoding="UTF-8"?>
<!-- Generated by org.testng.reporters.JUnitXMLReporter -->
<testsuite ignored="0" hostname="DESKTOP-V0K2UN1" failures="0" tests="2" name="Default test" time="3.98" errors="0" timestamp="2023-12-24T01:41:20 EET">
  <testcase classname="backendTestScenarios.flightSearchResults" name="getFlightQueryMetaData" time="2.889"/>
  <testcase classname="backendTestScenarios.flightSearchResults" name="getFlightSearchResults" time="1.045"/>
</testsuite> <!-- Default test -->
