<?xml version="1.0" encoding="UTF-8"?>
<testng-results ignored="0" total="2" passed="2" failed="0" skipped="0">
  <reporter-output>
  </reporter-output>
  <suite started-at="2023-12-23T22:55:50 EET" name="Default suite" finished-at="2023-12-23T22:55:54 EET" duration-ms="3788">
    <groups>
    </groups>
    <test started-at="2023-12-23T22:55:50 EET" name="Default test" finished-at="2023-12-23T22:55:54 EET" duration-ms="3788">
      <class name="backendTestScenarios.flightSearchResults">
        <test-method signature="getFlightQueryMetaData()[pri:1, instance:backendTestScenarios.flightSearchResults@7e7be63f]" started-at="2023-12-23T22:55:50 EET" name="getFlightQueryMetaData" finished-at="2023-12-23T22:55:52 EET" duration-ms="2299" status="PASS">
          <reporter-output>
          </reporter-output>
        </test-method> <!-- getFlightQueryMetaData -->
        <test-method signature="getFlightSearchResults()[pri:2, instance:backendTestScenarios.flightSearchResults@7e7be63f]" started-at="2023-12-23T22:55:52 EET" name="getFlightSearchResults" finished-at="2023-12-23T22:55:54 EET" duration-ms="1441" status="PASS">
          <reporter-output>
          </reporter-output>
        </test-method> <!-- getFlightSearchResults -->
      </class> <!-- backendTestScenarios.flightSearchResults -->
    </test> <!-- Default test -->
  </suite> <!-- Default suite -->
</testng-results>
